<?xml version="1.0" encoding="UTF-8"?>
<!-- Generated by org.testng.reporters.JUnitReportReporter -->
<testsuite hostname="MC1000071863" failures="0" tests="1" name="com.example.demo.StudentApplicationTests" time="1.441" errors="0" timestamp="01 Sep 2021 10:38:34 GMT" skipped="0">
  <testcase classname="com.example.demo.StudentApplicationTests" name="getResponseTime" time="1.441"/>
</testsuite> <!-- com.example.demo.StudentApplicationTests -->
